<?xml version="1.0" encoding="UTF-8"?>
<!-- Generated by org.testng.reporters.JUnitXMLReporter -->
<testsuite ignored="0" hostname="DESKTOP-1Q9C5PA" failures="0" tests="5" name="DDTest" time="74.212" errors="0" timestamp="2023-02-02T15:17:28 IST">
  <testcase classname="testCases.TC_003_LoginDataDrivenTest" name="test_loginDDT" time="6.811"/>
  <testcase classname="testCases.TC_003_LoginDataDrivenTest" name="test_loginDDT" time="12.049"/>
  <testcase classname="testCases.TC_003_LoginDataDrivenTest" name="test_loginDDT" time="12.193"/>
  <testcase classname="testCases.TC_003_LoginDataDrivenTest" name="test_loginDDT" time="11.689"/>
  <testcase classname="testCases.TC_003_LoginDataDrivenTest" name="test_loginDDT" time="12.712"/>
</testsuite> <!-- DDTest -->
