<?xml version="1.0" encoding="UTF-8"?>
<!-- Generated by org.testng.reporters.JUnitXMLReporter -->
<testsuite ignored="0" hostname="DESKTOP-1Q9C5PA" failures="1" tests="2" name="Test" time="42.296" errors="0" timestamp="2023-02-02T20:38:35 IST">
  <testcase classname="testCases.TC_001_AccountRegistration" name="test_Account_Registration" time="5.91"/>
  <testcase classname="testCases.TC_002_LoginTest" name="LoginTest" time="6.935">
    <failure type="java.lang.AssertionError" message="expected [true] but found [false]">
      <![CDATA[java.lang.AssertionError: expected [true] but found [false]
at testCases.TC_002_LoginTest.LoginTest(TC_002_LoginTest.java:29)
at java.base/java.util.ArrayList.forEach(ArrayList.java:1511)
... Removed 31 stack frames]]>
    </failure>
  </testcase> <!-- LoginTest -->
</testsuite> <!-- Test -->
