<?xml version="1.0" encoding="UTF-8"?>
<testng-results ignored="0" total="2" passed="2" failed="0" skipped="0">
  <reporter-output>
  </reporter-output>
  <suite started-at="2023-02-07T12:42:25 IST" name="Suite" finished-at="2023-02-07T12:42:44 IST" duration-ms="19369">
    <groups>
      <group name="Master">
        <method signature="TC_001_AccountRegistration.test_Account_Registration()[pri:0, instance:testCases.TC_001_AccountRegistration@2d7275fc]" name="test_Account_Registration" class="testCases.TC_001_AccountRegistration"/>
        <method signature="TC_002_LoginTest.LoginTest()[pri:0, instance:testCases.TC_002_LoginTest@36bc55de]" name="LoginTest" class="testCases.TC_002_LoginTest"/>
      </group> <!-- Master -->
      <group name="Sanity">
        <method signature="TC_002_LoginTest.LoginTest()[pri:0, instance:testCases.TC_002_LoginTest@36bc55de]" name="LoginTest" class="testCases.TC_002_LoginTest"/>
      </group> <!-- Sanity -->
      <group name="Regression">
        <method signature="TC_001_AccountRegistration.test_Account_Registration()[pri:0, instance:testCases.TC_001_AccountRegistration@2d7275fc]" name="test_Account_Registration" class="testCases.TC_001_AccountRegistration"/>
      </group> <!-- Regression -->
    </groups>
    <test started-at="2023-02-07T12:42:25 IST" name="Test" finished-at="2023-02-07T12:42:44 IST" duration-ms="19369">
      <class name="testCases.TC_002_LoginTest">
        <test-method is-config="true" signature="setUp(java.lang.String)[pri:0, instance:testCases.TC_002_LoginTest@36bc55de]" started-at="2023-02-07T12:42:36 IST" name="setUp" finished-at="2023-02-07T12:42:40 IST" duration-ms="4388" status="PASS">
          <params>
            <param index="0">
              <value>
                <![CDATA[chrome]]>
              </value>
            </param>
          </params>
          <reporter-output>
          </reporter-output>
        </test-method> <!-- setUp -->
        <test-method signature="LoginTest()[pri:0, instance:testCases.TC_002_LoginTest@36bc55de]" started-at="2023-02-07T12:42:40 IST" name="LoginTest" finished-at="2023-02-07T12:42:44 IST" duration-ms="3225" status="PASS">
          <reporter-output>
          </reporter-output>
        </test-method> <!-- LoginTest -->
        <test-method is-config="true" signature="tearDown()[pri:0, instance:testCases.TC_002_LoginTest@36bc55de]" started-at="2023-02-07T12:42:44 IST" name="tearDown" finished-at="2023-02-07T12:42:44 IST" duration-ms="327" status="PASS">
          <reporter-output>
          </reporter-output>
        </test-method> <!-- tearDown -->
      </class> <!-- testCases.TC_002_LoginTest -->
      <class name="testCases.TC_001_AccountRegistration">
        <test-method is-config="true" signature="setUp(java.lang.String)[pri:0, instance:testCases.TC_001_AccountRegistration@2d7275fc]" started-at="2023-02-07T12:42:25 IST" name="setUp" finished-at="2023-02-07T12:42:32 IST" duration-ms="7164" status="PASS">
          <params>
            <param index="0">
              <value>
                <![CDATA[chrome]]>
              </value>
            </param>
          </params>
          <reporter-output>
          </reporter-output>
        </test-method> <!-- setUp -->
        <test-method signature="test_Account_Registration()[pri:0, instance:testCases.TC_001_AccountRegistration@2d7275fc]" started-at="2023-02-07T12:42:32 IST" name="test_Account_Registration" finished-at="2023-02-07T12:42:36 IST" duration-ms="3750" status="PASS">
          <reporter-output>
          </reporter-output>
        </test-method> <!-- test_Account_Registration -->
        <test-method is-config="true" signature="tearDown()[pri:0, instance:testCases.TC_001_AccountRegistration@2d7275fc]" started-at="2023-02-07T12:42:36 IST" name="tearDown" finished-at="2023-02-07T12:42:36 IST" duration-ms="375" status="PASS">
          <reporter-output>
          </reporter-output>
        </test-method> <!-- tearDown -->
      </class> <!-- testCases.TC_001_AccountRegistration -->
    </test> <!-- Test -->
  </suite> <!-- Suite -->
</testng-results>
